{"/home/omel/JS/Project2/frontend-project-lvl2/src/find-difference.js": {"path":"/home/omel/JS/Project2/frontend-project-lvl2/src/find-difference.js","statementMap":{"0":{"start":{"line":4,"column":30},"end":{"line":8,"column":1}},"1":{"start":{"line":5,"column":22},"end":{"line":5,"column":43}},"2":{"start":{"line":6,"column":17},"end":{"line":6,"column":40}},"3":{"start":{"line":7,"column":2},"end":{"line":7,"column":16}},"4":{"start":{"line":10,"column":23},"end":{"line":41,"column":1}},"5":{"start":{"line":11,"column":15},"end":{"line":11,"column":47}},"6":{"start":{"line":13,"column":15},"end":{"line":13,"column":47}},"7":{"start":{"line":15,"column":19},"end":{"line":15,"column":39}},"8":{"start":{"line":16,"column":19},"end":{"line":16,"column":39}},"9":{"start":{"line":18,"column":25},"end":{"line":24,"column":8}},"10":{"start":{"line":19,"column":19},"end":{"line":19,"column":28}},"11":{"start":{"line":20,"column":4},"end":{"line":20,"column":72}},"12":{"start":{"line":20,"column":27},"end":{"line":20,"column":72}},"13":{"start":{"line":21,"column":4},"end":{"line":21,"column":71}},"14":{"start":{"line":21,"column":26},"end":{"line":21,"column":71}},"15":{"start":{"line":22,"column":4},"end":{"line":22,"column":71}},"16":{"start":{"line":22,"column":26},"end":{"line":22,"column":71}},"17":{"start":{"line":23,"column":4},"end":{"line":23,"column":15}},"18":{"start":{"line":26,"column":25},"end":{"line":31,"column":8}},"19":{"start":{"line":27,"column":19},"end":{"line":27,"column":28}},"20":{"start":{"line":28,"column":4},"end":{"line":28,"column":72}},"21":{"start":{"line":28,"column":27},"end":{"line":28,"column":72}},"22":{"start":{"line":29,"column":4},"end":{"line":29,"column":71}},"23":{"start":{"line":29,"column":26},"end":{"line":29,"column":71}},"24":{"start":{"line":30,"column":4},"end":{"line":30,"column":15}},"25":{"start":{"line":33,"column":24},"end":{"line":36,"column":4}},"26":{"start":{"line":34,"column":4},"end":{"line":34,"column":32}},"27":{"start":{"line":34,"column":23},"end":{"line":34,"column":32}},"28":{"start":{"line":35,"column":4},"end":{"line":35,"column":14}},"29":{"start":{"line":38,"column":24},"end":{"line":38,"column":103}},"30":{"start":{"line":38,"column":51},"end":{"line":38,"column":91}},"31":{"start":{"line":40,"column":2},"end":{"line":40,"column":34}}},"fnMap":{"0":{"name":"(anonymous_0)","decl":{"start":{"line":4,"column":30},"end":{"line":4,"column":31}},"loc":{"start":{"line":4,"column":40},"end":{"line":8,"column":1}},"line":4},"1":{"name":"(anonymous_1)","decl":{"start":{"line":10,"column":23},"end":{"line":10,"column":24}},"loc":{"start":{"line":10,"column":49},"end":{"line":41,"column":1}},"line":10},"2":{"name":"(anonymous_2)","decl":{"start":{"line":18,"column":41},"end":{"line":18,"column":42}},"loc":{"start":{"line":18,"column":64},"end":{"line":24,"column":3}},"line":18},"3":{"name":"(anonymous_3)","decl":{"start":{"line":26,"column":41},"end":{"line":26,"column":42}},"loc":{"start":{"line":26,"column":64},"end":{"line":31,"column":3}},"line":26},"4":{"name":"(anonymous_4)","decl":{"start":{"line":33,"column":67},"end":{"line":33,"column":68}},"loc":{"start":{"line":33,"column":77},"end":{"line":36,"column":3}},"line":33},"5":{"name":"(anonymous_5)","decl":{"start":{"line":38,"column":42},"end":{"line":38,"column":43}},"loc":{"start":{"line":38,"column":51},"end":{"line":38,"column":91}},"line":38}},"branchMap":{"0":{"loc":{"start":{"line":20,"column":4},"end":{"line":20,"column":72}},"type":"if","locations":[{"start":{"line":20,"column":4},"end":{"line":20,"column":72}},{"start":{"line":20,"column":4},"end":{"line":20,"column":72}}],"line":20},"1":{"loc":{"start":{"line":21,"column":4},"end":{"line":21,"column":71}},"type":"if","locations":[{"start":{"line":21,"column":4},"end":{"line":21,"column":71}},{"start":{"line":21,"column":4},"end":{"line":21,"column":71}}],"line":21},"2":{"loc":{"start":{"line":22,"column":4},"end":{"line":22,"column":71}},"type":"if","locations":[{"start":{"line":22,"column":4},"end":{"line":22,"column":71}},{"start":{"line":22,"column":4},"end":{"line":22,"column":71}}],"line":22},"3":{"loc":{"start":{"line":28,"column":4},"end":{"line":28,"column":72}},"type":"if","locations":[{"start":{"line":28,"column":4},"end":{"line":28,"column":72}},{"start":{"line":28,"column":4},"end":{"line":28,"column":72}}],"line":28},"4":{"loc":{"start":{"line":29,"column":4},"end":{"line":29,"column":71}},"type":"if","locations":[{"start":{"line":29,"column":4},"end":{"line":29,"column":71}},{"start":{"line":29,"column":4},"end":{"line":29,"column":71}}],"line":29},"5":{"loc":{"start":{"line":34,"column":4},"end":{"line":34,"column":32}},"type":"if","locations":[{"start":{"line":34,"column":4},"end":{"line":34,"column":32}},{"start":{"line":34,"column":4},"end":{"line":34,"column":32}}],"line":34}},"s":{"0":1,"1":2,"2":2,"3":2,"4":1,"5":1,"6":1,"7":1,"8":1,"9":1,"10":4,"11":4,"12":3,"13":1,"14":1,"15":0,"16":0,"17":0,"18":1,"19":3,"20":3,"21":2,"22":1,"23":0,"24":1,"25":1,"26":10,"27":5,"28":5,"29":1,"30":6,"31":1},"f":{"0":2,"1":1,"2":4,"3":3,"4":10,"5":6},"b":{"0":[3,1],"1":[1,0],"2":[0,0],"3":[2,1],"4":[0,1],"5":[5,5]},"_coverageSchema":"1a1c01bbd47fc00a2c39e90264f33305004495a9","hash":"76a0e5f9b32d6cf79d88ce2f599648786668c533"}
}
