TN:
SF:src/find-difference.js
FN:4,(anonymous_0)
FN:10,(anonymous_1)
FN:18,(anonymous_2)
FN:26,(anonymous_3)
FN:33,(anonymous_4)
FN:38,(anonymous_5)
FNF:6
FNH:6
FNDA:2,(anonymous_0)
FNDA:1,(anonymous_1)
FNDA:4,(anonymous_2)
FNDA:3,(anonymous_3)
FNDA:10,(anonymous_4)
FNDA:6,(anonymous_5)
DA:4,1
DA:5,2
DA:6,2
DA:7,2
DA:10,1
DA:11,1
DA:13,1
DA:15,1
DA:16,1
DA:18,1
DA:19,4
DA:20,4
DA:21,1
DA:22,0
DA:23,0
DA:26,1
DA:27,3
DA:28,3
DA:29,1
DA:30,1
DA:33,1
DA:34,10
DA:35,5
DA:38,6
DA:40,1
LF:25
LH:23
BRDA:20,0,0,3
BRDA:20,0,1,1
BRDA:21,1,0,1
BRDA:21,1,1,0
BRDA:22,2,0,0
BRDA:22,2,1,0
BRDA:28,3,0,2
BRDA:28,3,1,1
BRDA:29,4,0,0
BRDA:29,4,1,1
BRDA:34,5,0,5
BRDA:34,5,1,5
BRF:12
BRH:8
end_of_record
